<?xml version="1.0" encoding="UTF-8"?>
<testsuite name="HelloServletTest" tests="3" skipped="0" failures="0" errors="0" timestamp="2018-11-07T09:03:06" hostname="sonphan-Inspiron-7566" time="0.517">
  <properties/>
  <testcase name="doPostWithoutName" classname="HelloServletTest" time="0.515"/>
  <testcase name="doGet" classname="HelloServletTest" time="0.0"/>
  <testcase name="doPostWithName" classname="HelloServletTest" time="0.0"/>
  <system-out><![CDATA[]]></system-out>
  <system-err><![CDATA[]]></system-err>
</testsuite>
